<?xml version="1.0" encoding="UTF-8"?>
<testsuite name="Test Basics 1"
           tests="3"
           failures="1"
           errors="0"
           skipped="2"
           time="0.328">
    <properties></properties>

            <testcase
                name="beforeTest"
                time="0.328"
                classname="org.example.tests.form_test">

            <failure type="org.openqa.selenium.SessionNotCreatedException" message="Could not start a new session. Possible causes are invalid address of the remote server or browser start-up failure. 
Host info: host: &apos;ELVIS-PC&apos;, ip: &apos;10.76.168.54&apos;
Build info: version: &apos;4.35.0&apos;, revision: &apos;1c58e5028b&apos;
System info: os.name: &apos;Windows 11&apos;, os.arch: &apos;amd64&apos;, os.version: &apos;10.0&apos;, java.version: &apos;21.0.2&apos;
Driver info: org.openqa.selenium.remote.RemoteWebDriver
Command: [null, newSession {capabilities=[Capabilities {browserName: chrome, browserVersion: 128.0, goog:chromeOptions: {args: [], extensions: []}, selenoid:options: {enableLog: true, enableVNC: true, enableVideo: true, env: [TZ=UTC], headless: true, name: Test badge..., noSandbox: true, sessionTimeout: 15m}}]}]
Capabilities {browserName: chrome, browserVersion: 128.0, goog:chromeOptions: {args: [], extensions: []}, selenoid:options: {enableLog: true, enableVNC: true, enableVideo: true, env: [TZ=UTC], headless: true, name: Test badge..., noSandbox: true, sessionTimeout: 15m}}">
                <![CDATA[org.openqa.selenium.SessionNotCreatedException: Could not start a new session. Possible causes are invalid address of the remote server or browser start-up failure. 
Host info: host: 'ELVIS-PC', ip: '10.76.168.54'
Build info: version: '4.35.0', revision: '1c58e5028b'
System info: os.name: 'Windows 11', os.arch: 'amd64', os.version: '10.0', java.version: '21.0.2'
Driver info: org.openqa.selenium.remote.RemoteWebDriver
Command: [null, newSession {capabilities=[Capabilities {browserName: chrome, browserVersion: 128.0, goog:chromeOptions: {args: [], extensions: []}, selenoid:options: {enableLog: true, enableVNC: true, enableVideo: true, env: [TZ=UTC], headless: true, name: Test badge..., noSandbox: true, sessionTimeout: 15m}}]}]
Capabilities {browserName: chrome, browserVersion: 128.0, goog:chromeOptions: {args: [], extensions: []}, selenoid:options: {enableLog: true, enableVNC: true, enableVideo: true, env: [TZ=UTC], headless: true, name: Test badge..., noSandbox: true, sessionTimeout: 15m}}
                org.openqa.selenium.remote.RemoteWebDriver.execute(RemoteWebDriver.java:575)org.openqa.selenium.remote.RemoteWebDriver.startSession(RemoteWebDriver.java:246)org.openqa.selenium.remote.RemoteWebDriver.<init>(RemoteWebDriver.java:174)org.openqa.selenium.remote.RemoteWebDriver.<init>(RemoteWebDriver.java:152)org.example.utils.Driver.getRemoteDriver(Driver.java:54)org.example.tests.form_test.beforeTest(form_test.java:34)java.base/jdk.internal.reflect.DirectMethodHandleAccessor.invoke(DirectMethodHandleAccessor.java:103)java.base/java.lang.reflect.Method.invoke(Method.java:580)org.testng.internal.invokers.MethodInvocationHelper.invokeMethod(MethodInvocationHelper.java:141)org.testng.internal.invokers.MethodInvocationHelper.invokeMethodConsideringTimeout(MethodInvocationHelper.java:71)org.testng.internal.invokers.ConfigInvoker.invokeConfigurationMethod(ConfigInvoker.java:400)org.testng.internal.invokers.ConfigInvoker.invokeConfigurations(ConfigInvoker.java:333)org.testng.internal.invokers.TestMethodWorker.invokeBeforeClassMethods(TestMethodWorker.java:188)org.testng.internal.invokers.TestMethodWorker.run(TestMethodWorker.java:128)java.base/java.util.concurrent.Executors$RunnableAdapter.call(Executors.java:572)java.base/java.util.concurrent.FutureTask.run(FutureTask.java:317)org.testng.internal.thread.graph.TestNGFutureTask.run(TestNGFutureTask.java:22)java.base/java.util.concurrent.ThreadPoolExecutor.runWorker(ThreadPoolExecutor.java:1144)java.base/java.util.concurrent.ThreadPoolExecutor$Worker.run(ThreadPoolExecutor.java:642)java.base/java.lang.Thread.run(Thread.java:1583)
                    Caused by: java.io.UncheckedIOException: java.net.ConnectException
                    org.openqa.selenium.remote.http.jdk.JdkHttpClient.execute0(JdkHttpClient.java:500)org.openqa.selenium.remote.http.AddSeleniumUserAgent.lambda$apply$0(AddSeleniumUserAgent.java:42)org.openqa.selenium.remote.http.Filter.lambda$andFinally$1(Filter.java:55)org.openqa.selenium.remote.http.jdk.JdkHttpClient.lambda$executeAsync$2(JdkHttpClient.java:387)java.base/java.util.concurrent.Executors$RunnableAdapter.call(Executors.java:572)java.base/java.util.concurrent.FutureTask.run(FutureTask.java:317)java.base/java.util.concurrent.ThreadPoolExecutor.runWorker(ThreadPoolExecutor.java:1144)java.base/java.util.concurrent.ThreadPoolExecutor$Worker.run(ThreadPoolExecutor.java:642)java.base/java.lang.Thread.run(Thread.java:1583)
                                    Caused by: java.net.ConnectException
                    java.net.http/jdk.internal.net.http.HttpClientImpl.send(HttpClientImpl.java:951)java.net.http/jdk.internal.net.http.HttpClientFacade.send(HttpClientFacade.java:133)org.openqa.selenium.remote.http.jdk.JdkHttpClient.execute0(JdkHttpClient.java:459)org.openqa.selenium.remote.http.AddSeleniumUserAgent.lambda$apply$0(AddSeleniumUserAgent.java:42)org.openqa.selenium.remote.http.Filter.lambda$andFinally$1(Filter.java:55)org.openqa.selenium.remote.http.jdk.JdkHttpClient.lambda$executeAsync$2(JdkHttpClient.java:387)java.base/java.util.concurrent.Executors$RunnableAdapter.call(Executors.java:572)java.base/java.util.concurrent.FutureTask.run(FutureTask.java:317)java.base/java.util.concurrent.ThreadPoolExecutor.runWorker(ThreadPoolExecutor.java:1144)java.base/java.util.concurrent.ThreadPoolExecutor$Worker.run(ThreadPoolExecutor.java:642)java.base/java.lang.Thread.run(Thread.java:1583)
                                    Caused by: java.net.ConnectException
                    java.net.http/jdk.internal.net.http.common.Utils.toConnectException(Utils.java:1028)java.net.http/jdk.internal.net.http.PlainHttpConnection.connectAsync(PlainHttpConnection.java:227)java.net.http/jdk.internal.net.http.PlainHttpConnection.checkRetryConnect(PlainHttpConnection.java:280)java.net.http/jdk.internal.net.http.PlainHttpConnection.lambda$connectAsync$2(PlainHttpConnection.java:238)java.base/java.util.concurrent.CompletableFuture.uniHandle(CompletableFuture.java:934)java.base/java.util.concurrent.CompletableFuture$UniHandle.tryFire(CompletableFuture.java:911)java.base/java.util.concurrent.CompletableFuture.postComplete(CompletableFuture.java:510)java.base/java.util.concurrent.CompletableFuture$AsyncSupply.run(CompletableFuture.java:1773)java.base/java.util.concurrent.ThreadPoolExecutor.runWorker(ThreadPoolExecutor.java:1144)java.base/java.util.concurrent.ThreadPoolExecutor$Worker.run(ThreadPoolExecutor.java:642)java.base/java.lang.Thread.run(Thread.java:1583)
                                    Caused by: java.nio.channels.ClosedChannelException
                    java.base/sun.nio.ch.SocketChannelImpl.ensureOpen(SocketChannelImpl.java:202)java.base/sun.nio.ch.SocketChannelImpl.beginConnect(SocketChannelImpl.java:786)java.base/sun.nio.ch.SocketChannelImpl.connect(SocketChannelImpl.java:874)java.net.http/jdk.internal.net.http.PlainHttpConnection.lambda$connectAsync$1(PlainHttpConnection.java:210)java.base/java.security.AccessController.doPrivileged(AccessController.java:571)java.net.http/jdk.internal.net.http.PlainHttpConnection.connectAsync(PlainHttpConnection.java:212)java.net.http/jdk.internal.net.http.PlainHttpConnection.checkRetryConnect(PlainHttpConnection.java:280)java.net.http/jdk.internal.net.http.PlainHttpConnection.lambda$connectAsync$2(PlainHttpConnection.java:238)java.base/java.util.concurrent.CompletableFuture.uniHandle(CompletableFuture.java:934)java.base/java.util.concurrent.CompletableFuture$UniHandle.tryFire(CompletableFuture.java:911)java.base/java.util.concurrent.CompletableFuture.postComplete(CompletableFuture.java:510)java.base/java.util.concurrent.CompletableFuture$AsyncSupply.run(CompletableFuture.java:1773)java.base/java.util.concurrent.ThreadPoolExecutor.runWorker(ThreadPoolExecutor.java:1144)java.base/java.util.concurrent.ThreadPoolExecutor$Worker.run(ThreadPoolExecutor.java:642)java.base/java.lang.Thread.run(Thread.java:1583)
                ]]>
            </failure>
    </testcase>

            <testcase
                name="closeBrowser"
                time="0.0"
                classname="org.example.tests.form_test">
            </testcase>
            <testcase
                name="form_test"
                time="0.0"
                classname="org.example.tests.form_test">
            </testcase>

</testsuite>
